  Menu.cpp
C:\Users\Ericka\Desktop\CURSOS\Programacion I Verano\trabajando con sfml\Proyecto_Progra-1\(620,61): warning C4244: 'argumento': conversión de 'T' a 'T'; posible pérdida de datos
C:\Users\Ericka\Desktop\CURSOS\Programacion I Verano\trabajando con sfml\Proyecto_Progra-1\(620,61): warning C4244:         with
C:\Users\Ericka\Desktop\CURSOS\Programacion I Verano\trabajando con sfml\Proyecto_Progra-1\(620,61): warning C4244:         [
C:\Users\Ericka\Desktop\CURSOS\Programacion I Verano\trabajando con sfml\Proyecto_Progra-1\(620,61): warning C4244:             T=unsigned int
C:\Users\Ericka\Desktop\CURSOS\Programacion I Verano\trabajando con sfml\Proyecto_Progra-1\(620,61): warning C4244:         ]
C:\Users\Ericka\Desktop\CURSOS\Programacion I Verano\trabajando con sfml\Proyecto_Progra-1\(620,61): warning C4244:         and
C:\Users\Ericka\Desktop\CURSOS\Programacion I Verano\trabajando con sfml\Proyecto_Progra-1\(620,61): warning C4244:         [
C:\Users\Ericka\Desktop\CURSOS\Programacion I Verano\trabajando con sfml\Proyecto_Progra-1\(620,61): warning C4244:             T=float
C:\Users\Ericka\Desktop\CURSOS\Programacion I Verano\trabajando con sfml\Proyecto_Progra-1\(620,61): warning C4244:         ]
C:\Users\Ericka\Desktop\CURSOS\Programacion I Verano\trabajando con sfml\Proyecto_Progra-1\(877,75): warning C4244: 'argumento': conversión de 'int' a 'T'; posible pérdida de datos
C:\Users\Ericka\Desktop\CURSOS\Programacion I Verano\trabajando con sfml\Proyecto_Progra-1\(877,75): warning C4244:         with
C:\Users\Ericka\Desktop\CURSOS\Programacion I Verano\trabajando con sfml\Proyecto_Progra-1\(877,75): warning C4244:         [
C:\Users\Ericka\Desktop\CURSOS\Programacion I Verano\trabajando con sfml\Proyecto_Progra-1\(877,75): warning C4244:             T=float
C:\Users\Ericka\Desktop\CURSOS\Programacion I Verano\trabajando con sfml\Proyecto_Progra-1\(877,75): warning C4244:         ]
C:\Users\Ericka\Desktop\CURSOS\Programacion I Verano\trabajando con sfml\Proyecto_Progra-1\(877,57): warning C4244: 'argumento': conversión de 'int' a 'T'; posible pérdida de datos
C:\Users\Ericka\Desktop\CURSOS\Programacion I Verano\trabajando con sfml\Proyecto_Progra-1\(877,57): warning C4244:         with
C:\Users\Ericka\Desktop\CURSOS\Programacion I Verano\trabajando con sfml\Proyecto_Progra-1\(877,57): warning C4244:         [
C:\Users\Ericka\Desktop\CURSOS\Programacion I Verano\trabajando con sfml\Proyecto_Progra-1\(877,57): warning C4244:             T=float
C:\Users\Ericka\Desktop\CURSOS\Programacion I Verano\trabajando con sfml\Proyecto_Progra-1\(877,57): warning C4244:         ]
C:\Users\Ericka\Desktop\CURSOS\Programacion I Verano\trabajando con sfml\Proyecto_Progra-1\(941,60): warning C4244: 'argumento': conversión de 'int' a 'T'; posible pérdida de datos
C:\Users\Ericka\Desktop\CURSOS\Programacion I Verano\trabajando con sfml\Proyecto_Progra-1\(941,60): warning C4244:         with
C:\Users\Ericka\Desktop\CURSOS\Programacion I Verano\trabajando con sfml\Proyecto_Progra-1\(941,60): warning C4244:         [
C:\Users\Ericka\Desktop\CURSOS\Programacion I Verano\trabajando con sfml\Proyecto_Progra-1\(941,60): warning C4244:             T=float
C:\Users\Ericka\Desktop\CURSOS\Programacion I Verano\trabajando con sfml\Proyecto_Progra-1\(941,60): warning C4244:         ]
C:\Users\Ericka\Desktop\CURSOS\Programacion I Verano\trabajando con sfml\Proyecto_Progra-1\(941,44): warning C4244: 'argumento': conversión de 'int' a 'T'; posible pérdida de datos
C:\Users\Ericka\Desktop\CURSOS\Programacion I Verano\trabajando con sfml\Proyecto_Progra-1\(941,44): warning C4244:         with
C:\Users\Ericka\Desktop\CURSOS\Programacion I Verano\trabajando con sfml\Proyecto_Progra-1\(941,44): warning C4244:         [
C:\Users\Ericka\Desktop\CURSOS\Programacion I Verano\trabajando con sfml\Proyecto_Progra-1\(941,44): warning C4244:             T=float
C:\Users\Ericka\Desktop\CURSOS\Programacion I Verano\trabajando con sfml\Proyecto_Progra-1\(941,44): warning C4244:         ]
C:\Users\Ericka\Desktop\CURSOS\Programacion I Verano\trabajando con sfml\Proyecto_Progra-1\(952,64): warning C4244: 'argumento': conversión de 'int' a 'T'; posible pérdida de datos
C:\Users\Ericka\Desktop\CURSOS\Programacion I Verano\trabajando con sfml\Proyecto_Progra-1\(952,64): warning C4244:         with
C:\Users\Ericka\Desktop\CURSOS\Programacion I Verano\trabajando con sfml\Proyecto_Progra-1\(952,64): warning C4244:         [
C:\Users\Ericka\Desktop\CURSOS\Programacion I Verano\trabajando con sfml\Proyecto_Progra-1\(952,64): warning C4244:             T=float
C:\Users\Ericka\Desktop\CURSOS\Programacion I Verano\trabajando con sfml\Proyecto_Progra-1\(952,64): warning C4244:         ]
C:\Users\Ericka\Desktop\CURSOS\Programacion I Verano\trabajando con sfml\Proyecto_Progra-1\(952,46): warning C4244: 'argumento': conversión de 'int' a 'T'; posible pérdida de datos
C:\Users\Ericka\Desktop\CURSOS\Programacion I Verano\trabajando con sfml\Proyecto_Progra-1\(952,46): warning C4244:         with
C:\Users\Ericka\Desktop\CURSOS\Programacion I Verano\trabajando con sfml\Proyecto_Progra-1\(952,46): warning C4244:         [
C:\Users\Ericka\Desktop\CURSOS\Programacion I Verano\trabajando con sfml\Proyecto_Progra-1\(952,46): warning C4244:             T=float
C:\Users\Ericka\Desktop\CURSOS\Programacion I Verano\trabajando con sfml\Proyecto_Progra-1\(952,46): warning C4244:         ]
C:\Users\Ericka\Desktop\CURSOS\Programacion I Verano\trabajando con sfml\Proyecto_Progra-1\(1058,64): warning C4244: 'argumento': conversión de 'int' a 'T'; posible pérdida de datos
C:\Users\Ericka\Desktop\CURSOS\Programacion I Verano\trabajando con sfml\Proyecto_Progra-1\(1058,64): warning C4244:         with
C:\Users\Ericka\Desktop\CURSOS\Programacion I Verano\trabajando con sfml\Proyecto_Progra-1\(1058,64): warning C4244:         [
C:\Users\Ericka\Desktop\CURSOS\Programacion I Verano\trabajando con sfml\Proyecto_Progra-1\(1058,64): warning C4244:             T=float
C:\Users\Ericka\Desktop\CURSOS\Programacion I Verano\trabajando con sfml\Proyecto_Progra-1\(1058,64): warning C4244:         ]
C:\Users\Ericka\Desktop\CURSOS\Programacion I Verano\trabajando con sfml\Proyecto_Progra-1\(1058,46): warning C4244: 'argumento': conversión de 'int' a 'T'; posible pérdida de datos
C:\Users\Ericka\Desktop\CURSOS\Programacion I Verano\trabajando con sfml\Proyecto_Progra-1\(1058,46): warning C4244:         with
C:\Users\Ericka\Desktop\CURSOS\Programacion I Verano\trabajando con sfml\Proyecto_Progra-1\(1058,46): warning C4244:         [
C:\Users\Ericka\Desktop\CURSOS\Programacion I Verano\trabajando con sfml\Proyecto_Progra-1\(1058,46): warning C4244:             T=float
C:\Users\Ericka\Desktop\CURSOS\Programacion I Verano\trabajando con sfml\Proyecto_Progra-1\(1058,46): warning C4244:         ]
C:\Users\Ericka\Desktop\CURSOS\Programacion I Verano\trabajando con sfml\Proyecto_Progra-1\(1198,74): warning C4244: 'argumento': conversión de 'int' a 'T'; posible pérdida de datos
C:\Users\Ericka\Desktop\CURSOS\Programacion I Verano\trabajando con sfml\Proyecto_Progra-1\(1198,74): warning C4244:         with
C:\Users\Ericka\Desktop\CURSOS\Programacion I Verano\trabajando con sfml\Proyecto_Progra-1\(1198,74): warning C4244:         [
C:\Users\Ericka\Desktop\CURSOS\Programacion I Verano\trabajando con sfml\Proyecto_Progra-1\(1198,74): warning C4244:             T=float
C:\Users\Ericka\Desktop\CURSOS\Programacion I Verano\trabajando con sfml\Proyecto_Progra-1\(1198,74): warning C4244:         ]
C:\Users\Ericka\Desktop\CURSOS\Programacion I Verano\trabajando con sfml\Proyecto_Progra-1\(1198,57): warning C4244: 'argumento': conversión de 'int' a 'T'; posible pérdida de datos
C:\Users\Ericka\Desktop\CURSOS\Programacion I Verano\trabajando con sfml\Proyecto_Progra-1\(1198,57): warning C4244:         with
C:\Users\Ericka\Desktop\CURSOS\Programacion I Verano\trabajando con sfml\Proyecto_Progra-1\(1198,57): warning C4244:         [
C:\Users\Ericka\Desktop\CURSOS\Programacion I Verano\trabajando con sfml\Proyecto_Progra-1\(1198,57): warning C4244:             T=float
C:\Users\Ericka\Desktop\CURSOS\Programacion I Verano\trabajando con sfml\Proyecto_Progra-1\(1198,57): warning C4244:         ]
C:\Users\Ericka\Desktop\CURSOS\Programacion I Verano\trabajando con sfml\Proyecto_Progra-1\(1287,70): warning C4244: 'argumento': conversión de 'int' a 'T'; posible pérdida de datos
C:\Users\Ericka\Desktop\CURSOS\Programacion I Verano\trabajando con sfml\Proyecto_Progra-1\(1287,70): warning C4244:         with
C:\Users\Ericka\Desktop\CURSOS\Programacion I Verano\trabajando con sfml\Proyecto_Progra-1\(1287,70): warning C4244:         [
C:\Users\Ericka\Desktop\CURSOS\Programacion I Verano\trabajando con sfml\Proyecto_Progra-1\(1287,70): warning C4244:             T=float
C:\Users\Ericka\Desktop\CURSOS\Programacion I Verano\trabajando con sfml\Proyecto_Progra-1\(1287,70): warning C4244:         ]
C:\Users\Ericka\Desktop\CURSOS\Programacion I Verano\trabajando con sfml\Proyecto_Progra-1\(1287,53): warning C4244: 'argumento': conversión de 'int' a 'T'; posible pérdida de datos
C:\Users\Ericka\Desktop\CURSOS\Programacion I Verano\trabajando con sfml\Proyecto_Progra-1\(1287,53): warning C4244:         with
C:\Users\Ericka\Desktop\CURSOS\Programacion I Verano\trabajando con sfml\Proyecto_Progra-1\(1287,53): warning C4244:         [
C:\Users\Ericka\Desktop\CURSOS\Programacion I Verano\trabajando con sfml\Proyecto_Progra-1\(1287,53): warning C4244:             T=float
C:\Users\Ericka\Desktop\CURSOS\Programacion I Verano\trabajando con sfml\Proyecto_Progra-1\(1287,53): warning C4244:         ]
C:\Users\Ericka\Desktop\CURSOS\Programacion I Verano\trabajando con sfml\Proyecto_Progra-1\(1330,93): warning C4244: 'argumento': conversión de 'int' a 'T'; posible pérdida de datos
C:\Users\Ericka\Desktop\CURSOS\Programacion I Verano\trabajando con sfml\Proyecto_Progra-1\(1330,93): warning C4244:         with
C:\Users\Ericka\Desktop\CURSOS\Programacion I Verano\trabajando con sfml\Proyecto_Progra-1\(1330,93): warning C4244:         [
C:\Users\Ericka\Desktop\CURSOS\Programacion I Verano\trabajando con sfml\Proyecto_Progra-1\(1330,93): warning C4244:             T=float
C:\Users\Ericka\Desktop\CURSOS\Programacion I Verano\trabajando con sfml\Proyecto_Progra-1\(1330,93): warning C4244:         ]
C:\Users\Ericka\Desktop\CURSOS\Programacion I Verano\trabajando con sfml\Proyecto_Progra-1\(1330,75): warning C4244: 'argumento': conversión de 'int' a 'T'; posible pérdida de datos
C:\Users\Ericka\Desktop\CURSOS\Programacion I Verano\trabajando con sfml\Proyecto_Progra-1\(1330,75): warning C4244:         with
C:\Users\Ericka\Desktop\CURSOS\Programacion I Verano\trabajando con sfml\Proyecto_Progra-1\(1330,75): warning C4244:         [
C:\Users\Ericka\Desktop\CURSOS\Programacion I Verano\trabajando con sfml\Proyecto_Progra-1\(1330,75): warning C4244:             T=float
C:\Users\Ericka\Desktop\CURSOS\Programacion I Verano\trabajando con sfml\Proyecto_Progra-1\(1330,75): warning C4244:         ]
C:\Users\Ericka\Desktop\CURSOS\Programacion I Verano\trabajando con sfml\Proyecto_Progra-1\(1464,70): warning C4244: 'argumento': conversión de 'int' a 'T'; posible pérdida de datos
C:\Users\Ericka\Desktop\CURSOS\Programacion I Verano\trabajando con sfml\Proyecto_Progra-1\(1464,70): warning C4244:         with
C:\Users\Ericka\Desktop\CURSOS\Programacion I Verano\trabajando con sfml\Proyecto_Progra-1\(1464,70): warning C4244:         [
C:\Users\Ericka\Desktop\CURSOS\Programacion I Verano\trabajando con sfml\Proyecto_Progra-1\(1464,70): warning C4244:             T=float
C:\Users\Ericka\Desktop\CURSOS\Programacion I Verano\trabajando con sfml\Proyecto_Progra-1\(1464,70): warning C4244:         ]
C:\Users\Ericka\Desktop\CURSOS\Programacion I Verano\trabajando con sfml\Proyecto_Progra-1\(1464,53): warning C4244: 'argumento': conversión de 'int' a 'T'; posible pérdida de datos
C:\Users\Ericka\Desktop\CURSOS\Programacion I Verano\trabajando con sfml\Proyecto_Progra-1\(1464,53): warning C4244:         with
C:\Users\Ericka\Desktop\CURSOS\Programacion I Verano\trabajando con sfml\Proyecto_Progra-1\(1464,53): warning C4244:         [
C:\Users\Ericka\Desktop\CURSOS\Programacion I Verano\trabajando con sfml\Proyecto_Progra-1\(1464,53): warning C4244:             T=float
C:\Users\Ericka\Desktop\CURSOS\Programacion I Verano\trabajando con sfml\Proyecto_Progra-1\(1464,53): warning C4244:         ]
C:\Users\Ericka\Desktop\CURSOS\Programacion I Verano\trabajando con sfml\Proyecto_Progra-1\(1506,70): warning C4244: 'argumento': conversión de 'int' a 'T'; posible pérdida de datos
C:\Users\Ericka\Desktop\CURSOS\Programacion I Verano\trabajando con sfml\Proyecto_Progra-1\(1506,70): warning C4244:         with
C:\Users\Ericka\Desktop\CURSOS\Programacion I Verano\trabajando con sfml\Proyecto_Progra-1\(1506,70): warning C4244:         [
C:\Users\Ericka\Desktop\CURSOS\Programacion I Verano\trabajando con sfml\Proyecto_Progra-1\(1506,70): warning C4244:             T=float
C:\Users\Ericka\Desktop\CURSOS\Programacion I Verano\trabajando con sfml\Proyecto_Progra-1\(1506,70): warning C4244:         ]
C:\Users\Ericka\Desktop\CURSOS\Programacion I Verano\trabajando con sfml\Proyecto_Progra-1\(1506,53): warning C4244: 'argumento': conversión de 'int' a 'T'; posible pérdida de datos
C:\Users\Ericka\Desktop\CURSOS\Programacion I Verano\trabajando con sfml\Proyecto_Progra-1\(1506,53): warning C4244:         with
C:\Users\Ericka\Desktop\CURSOS\Programacion I Verano\trabajando con sfml\Proyecto_Progra-1\(1506,53): warning C4244:         [
C:\Users\Ericka\Desktop\CURSOS\Programacion I Verano\trabajando con sfml\Proyecto_Progra-1\(1506,53): warning C4244:             T=float
C:\Users\Ericka\Desktop\CURSOS\Programacion I Verano\trabajando con sfml\Proyecto_Progra-1\(1506,53): warning C4244:         ]
  #ProyectoProgra.vcxproj -> C:\Users\Ericka\Desktop\CURSOS\Programacion I Verano\trabajando con sfml\Proyecto_Progra-1\#ProyectoProgra\x64\Debug\ProyectoProgra.exe
