c:\users\harol\desktop\proyecto_progra-1\#proyectoprogra\#proyectoprogra\x64\debug\vc143.pdb
c:\users\harol\desktop\proyecto_progra-1\#proyectoprogra\#proyectoprogra\x64\debug\vc143.idb
c:\users\harol\desktop\proyecto_progra-1\#proyectoprogra\#proyectoprogra\x64\debug\user.obj
c:\users\harol\desktop\proyecto_progra-1\#proyectoprogra\#proyectoprogra\x64\debug\list.obj
c:\users\harol\desktop\proyecto_progra-1\#proyectoprogra\#proyectoprogra\x64\debug\source.obj
c:\users\harol\desktop\proyecto_progra-1\#proyectoprogra\#proyectoprogra\x64\debug\segment.obj
c:\users\harol\desktop\proyecto_progra-1\#proyectoprogra\#proyectoprogra\x64\debug\seating.obj
c:\users\harol\desktop\proyecto_progra-1\#proyectoprogra\#proyectoprogra\x64\debug\music.obj
c:\users\harol\desktop\proyecto_progra-1\#proyectoprogra\#proyectoprogra\x64\debug\menu.obj
c:\users\harol\desktop\proyecto_progra-1\#proyectoprogra\#proyectoprogra\x64\debug\faq.obj
c:\users\harol\desktop\proyecto_progra-1\#proyectoprogra\#proyectoprogra\x64\debug\event.obj
c:\users\harol\desktop\proyecto_progra-1\#proyectoprogra\#proyectoprogra\x64\debug\eventreport.obj
c:\users\harol\desktop\proyecto_progra-1\#proyectoprogra\#proyectoprogra\x64\debug\discount.obj
c:\users\harol\desktop\proyecto_progra-1\#proyectoprogra\#proyectoprogra\x64\debug\sale.obj
c:\users\harol\desktop\proyecto_progra-1\#proyectoprogra\#proyectoprogra\x64\debug\proyectoprogra.ilk
c:\users\harol\desktop\proyecto_progra-1\#proyectoprogra\x64\debug\proyectoprogra.pdb
c:\users\harol\desktop\proyecto_progra-1\#proyectoprogra\#proyectoprogra\x64\debug\proyectoprogra.tlog\cl.command.1.tlog
c:\users\harol\desktop\proyecto_progra-1\#proyectoprogra\#proyectoprogra\x64\debug\proyectoprogra.tlog\cl.items.tlog
c:\users\harol\desktop\proyecto_progra-1\#proyectoprogra\#proyectoprogra\x64\debug\proyectoprogra.tlog\cl.read.1.tlog
c:\users\harol\desktop\proyecto_progra-1\#proyectoprogra\#proyectoprogra\x64\debug\proyectoprogra.tlog\cl.write.1.tlog
c:\users\harol\desktop\proyecto_progra-1\#proyectoprogra\#proyectoprogra\x64\debug\proyectoprogra.tlog\link.14960-cvtres.read.1.tlog
c:\users\harol\desktop\proyecto_progra-1\#proyectoprogra\#proyectoprogra\x64\debug\proyectoprogra.tlog\link.14960-cvtres.write.1.tlog
c:\users\harol\desktop\proyecto_progra-1\#proyectoprogra\#proyectoprogra\x64\debug\proyectoprogra.tlog\link.14960-rc.read.1.tlog
c:\users\harol\desktop\proyecto_progra-1\#proyectoprogra\#proyectoprogra\x64\debug\proyectoprogra.tlog\link.14960-rc.write.1.tlog
c:\users\harol\desktop\proyecto_progra-1\#proyectoprogra\#proyectoprogra\x64\debug\proyectoprogra.tlog\link.14960.read.1.tlog
c:\users\harol\desktop\proyecto_progra-1\#proyectoprogra\#proyectoprogra\x64\debug\proyectoprogra.tlog\link.14960.read.2.tlog
c:\users\harol\desktop\proyecto_progra-1\#proyectoprogra\#proyectoprogra\x64\debug\proyectoprogra.tlog\link.14960.write.1.tlog
c:\users\harol\desktop\proyecto_progra-1\#proyectoprogra\#proyectoprogra\x64\debug\proyectoprogra.tlog\link.command.1.tlog
c:\users\harol\desktop\proyecto_progra-1\#proyectoprogra\#proyectoprogra\x64\debug\proyectoprogra.tlog\link.read.1.tlog
c:\users\harol\desktop\proyecto_progra-1\#proyectoprogra\#proyectoprogra\x64\debug\proyectoprogra.tlog\link.secondary.1.tlog
c:\users\harol\desktop\proyecto_progra-1\#proyectoprogra\#proyectoprogra\x64\debug\proyectoprogra.tlog\link.write.1.tlog
